<?xml version="1.0" encoding="UTF-8"?>
<testng-results skipped="0" failed="0" ignored="0" total="1" passed="1">
  <reporter-output>
  </reporter-output>
  <suite name="Default suite" duration-ms="85704" started-at="2022-03-02T13:14:17 EST" finished-at="2022-03-02T13:15:43 EST">
    <groups>
    </groups>
    <test name="Default test" duration-ms="85704" started-at="2022-03-02T13:14:17 EST" finished-at="2022-03-02T13:15:43 EST">
      <class name="test.MissionHumane">
        <test-method status="PASS" signature="ScrapeWestBengal()[pri:0, instance:test.MissionHumane@7193666c]" name="ScrapeWestBengal" duration-ms="85552" started-at="2022-03-02T13:14:17 EST" finished-at="2022-03-02T13:15:43 EST">
          <reporter-output>
          </reporter-output>
        </test-method> <!-- ScrapeWestBengal -->
      </class> <!-- test.MissionHumane -->
    </test> <!-- Default test -->
  </suite> <!-- Default suite -->
</testng-results>
